<?xml version="1.0" encoding="UTF-8"?>
<testsuite name="TestFlatMap" tests="2" skipped="0" failures="0" errors="0" timestamp="2019-03-01T08:53:27" hostname="paulhost" time="0.025">
  <properties/>
  <testcase name="testGetOrderedProductsSet" classname="TestFlatMap" time="0.024"/>
  <testcase name="testGetAllOrderedProducts" classname="TestFlatMap" time="0.001"/>
  <system-out><![CDATA[]]></system-out>
  <system-err><![CDATA[]]></system-err>
</testsuite>
