<?xml version="1.0" encoding="UTF-8"?>
<testsuite name="TetLazyProperty" tests="2" skipped="0" failures="0" errors="0" timestamp="2019-03-01T14:31:41" hostname="paulhost" time="0.003">
  <properties/>
  <testcase name="testLazy" classname="TetLazyProperty" time="0.002"/>
  <testcase name="initializedOnce" classname="TetLazyProperty" time="0.001"/>
  <system-out><![CDATA[]]></system-out>
  <system-err><![CDATA[]]></system-err>
</testsuite>
