<?xml version="1.0" encoding="UTF-8"?>
<testsuite name="TestTheFunctionWith" tests="2" skipped="0" failures="0" errors="0" timestamp="2019-03-01T15:18:57" hostname="paulhost" time="0.003">
  <properties/>
  <testcase name="testCreateString" classname="TestTheFunctionWith" time="0.003"/>
  <testcase name="testCreateMap" classname="TestTheFunctionWith" time="0.0"/>
  <system-out><![CDATA[]]></system-out>
  <system-err><![CDATA[]]></system-err>
</testsuite>
