<?xml version="1.0" encoding="UTF-8"?>
<testsuite name="TestNamedArguments" tests="1" skipped="0" failures="0" errors="0" timestamp="2019-02-28T12:15:44" hostname="paulhost" time="0.018">
  <properties/>
  <testcase name="testJoinToString" classname="TestNamedArguments" time="0.018"/>
  <system-out><![CDATA[]]></system-out>
  <system-err><![CDATA[]]></system-err>
</testsuite>
