<?xml version="1.0" encoding="UTF-8"?>
<testsuite name="TestProperties" tests="1" skipped="0" failures="0" errors="0" timestamp="2019-03-01T14:27:39" hostname="paulhost" time="0.001">
  <properties/>
  <testcase name="testPropertyWithCounter" classname="TestProperties" time="0.001"/>
  <system-out><![CDATA[]]></system-out>
  <system-err><![CDATA[]]></system-err>
</testsuite>
