<?xml version="1.0" encoding="UTF-8"?>
<testsuite name="TestInRange" tests="3" skipped="0" failures="0" errors="0" timestamp="2019-02-28T15:46:23" hostname="paulhost" time="0.002">
  <properties/>
  <testcase name="testAfter" classname="TestInRange" time="0.002"/>
  <testcase name="testBefore" classname="TestInRange" time="0.0"/>
  <testcase name="testInRange" classname="TestInRange" time="0.0"/>
  <system-out><![CDATA[]]></system-out>
  <system-err><![CDATA[]]></system-err>
</testsuite>
