<?xml version="1.0" encoding="UTF-8"?>
<testsuite name="TestAllAnyAndOtherPredicates" tests="4" skipped="0" failures="0" errors="0" timestamp="2019-03-01T08:49:54" hostname="paulhost" time="0.023">
  <properties/>
  <testcase name="testAnyCustomerFromCity" classname="TestAllAnyAndOtherPredicates" time="0.022"/>
  <testcase name="testAnyCustomerIsFromCity" classname="TestAllAnyAndOtherPredicates" time="0.0"/>
  <testcase name="testCountCustomersFromCity" classname="TestAllAnyAndOtherPredicates" time="0.0"/>
  <testcase name="testAllCustomersAreFromCity" classname="TestAllAnyAndOtherPredicates" time="0.001"/>
  <system-out><![CDATA[]]></system-out>
  <system-err><![CDATA[]]></system-err>
</testsuite>
