<?xml version="1.0" encoding="UTF-8"?>
<testsuite name="TestHtmlBuilders" tests="2" skipped="0" failures="0" errors="0" timestamp="2019-03-04T08:38:43" hostname="paulhost" time="0.023">
  <properties/>
  <testcase name="productTableIsColored" classname="TestHtmlBuilders" time="0.022"/>
  <testcase name="productTableIsFilled" classname="TestHtmlBuilders" time="0.001"/>
  <system-out><![CDATA[]]></system-out>
  <system-err><![CDATA[]]></system-err>
</testsuite>
