<?xml version="1.0" encoding="UTF-8"?>
<testsuite name="TestExtensionFunctionLiterals" tests="1" skipped="0" failures="0" errors="0" timestamp="2019-03-01T14:52:03" hostname="paulhost" time="0.013">
  <properties/>
  <testcase name="testIsOddAndIsEven" classname="TestExtensionFunctionLiterals" time="0.013"/>
  <system-out><![CDATA[]]></system-out>
  <system-err><![CDATA[]]></system-err>
</testsuite>
